<?xml version="1.0" encoding="UTF-8"?>
<testsuite xmlns:xsi="http://www.w3.org/2001/XMLSchema-instance" xsi:noNamespaceSchemaLocation="https://maven.apache.org/surefire/maven-surefire-plugin/xsd/surefire-test-report-3.0.xsd" version="3.0" name="com.Blog.Personal.PersonalApplicationTests" time="10.326" tests="1" errors="0" skipped="0" failures="0">
  <properties>
[...]
</properties>
  <testcase name="contextLoads" classname="com.Blog.Personal.PersonalApplicationTests" time="0.654">
    <system-out><![CDATA[16:48:41.802 [main] INFO org.springframework.test.context.support.AnnotationConfigContextLoaderUtils -- Could not detect default configuration classes for test class [com.Blog.Personal.PersonalApplicationTests]: PersonalApplicationTests does not declare any static, non-private, non-final, nested classes annotated with @Configuration.
16:48:42.038 [main] INFO org.springframework.boot.test.context.SpringBootTestContextBootstrapper -- Found @SpringBootConfiguration com.Blog.Personal.PersonalApplication for test class com.Blog.Personal.PersonalApplicationTests
16:48:42.326 [main] INFO org.springframework.boot.devtools.restart.RestartApplicationListener -- Restart disabled due to context in which it is running

  .   ____          _            __ _ _
 /\\ / ___'_ __ _ _(_)_ __  __ _ \ \ \ \
( ( )\___ | '_ | '_| | '_ \/ _` | \ \ \ \
 \\/  ___)| |_)| | | | | || (_| |  ) ) ) )
  '  |____| .__|_| |_|_| |_\__, | / / / /
 =========|_|==============|___/=/_/_/_/

 :: Spring Boot ::                (v3.3.2)

2024-08-20T16:48:42.788-05:00  INFO 71659 --- [Personal] [           main] c.B.Personal.PersonalApplicationTests    : Starting PersonalApplicationTests using Java 21.0.4 with PID 71659 (started by daniel in /home/daniel/Documentos/Personal)
2024-08-20T16:48:42.791-05:00  INFO 71659 --- [Personal] [           main] c.B.Personal.PersonalApplicationTests    : No active profile set, falling back to 1 default profile: "default"
2024-08-20T16:48:44.383-05:00  INFO 71659 --- [Personal] [           main] .s.d.r.c.RepositoryConfigurationDelegate : Bootstrapping Spring Data JPA repositories in DEFAULT mode.
2024-08-20T16:48:44.470-05:00  INFO 71659 --- [Personal] [           main] .s.d.r.c.RepositoryConfigurationDelegate : Finished Spring Data repository scanning in 76 ms. Found 4 JPA repository interfaces.
2024-08-20T16:48:45.262-05:00  INFO 71659 --- [Personal] [           main] o.hibernate.jpa.internal.util.LogHelper  : HHH000204: Processing PersistenceUnitInfo [name: default]
2024-08-20T16:48:45.357-05:00  INFO 71659 --- [Personal] [           main] org.hibernate.Version                    : HHH000412: Hibernate ORM core version 6.5.2.Final
2024-08-20T16:48:45.414-05:00  INFO 71659 --- [Personal] [           main] o.h.c.internal.RegionFactoryInitiator    : HHH000026: Second-level cache disabled
2024-08-20T16:48:45.899-05:00  INFO 71659 --- [Personal] [           main] o.s.o.j.p.SpringPersistenceUnitInfo      : No LoadTimeWeaver setup: ignoring JPA class transformer
2024-08-20T16:48:45.938-05:00  INFO 71659 --- [Personal] [           main] com.zaxxer.hikari.HikariDataSource       : HikariPool-1 - Starting...
2024-08-20T16:48:46.669-05:00  INFO 71659 --- [Personal] [           main] com.zaxxer.hikari.pool.HikariPool        : HikariPool-1 - Added connection com.mysql.cj.jdbc.ConnectionImpl@7c8f047a
2024-08-20T16:48:46.672-05:00  INFO 71659 --- [Personal] [           main] com.zaxxer.hikari.HikariDataSource       : HikariPool-1 - Start completed.
2024-08-20T16:48:48.512-05:00  INFO 71659 --- [Personal] [           main] o.h.e.t.j.p.i.JtaPlatformInitiator       : HHH000489: No JTA platform available (set 'hibernate.transaction.jta.platform' to enable JTA platform integration)
Hibernate: alter table post modify column content mediumtext
2024-08-20T16:48:48.804-05:00  INFO 71659 --- [Personal] [           main] j.LocalContainerEntityManagerFactoryBean : Initialized JPA EntityManagerFactory for persistence unit 'default'
2024-08-20T16:48:49.926-05:00  WARN 71659 --- [Personal] [           main] JpaBaseConfiguration$JpaWebConfiguration : spring.jpa.open-in-view is enabled by default. Therefore, database queries may be performed during view rendering. Explicitly configure spring.jpa.open-in-view to disable this warning
2024-08-20T16:48:50.674-05:00  WARN 71659 --- [Personal] [           main] .s.s.UserDetailsServiceAutoConfiguration : 

Using generated security password: da99a09d-f811-4202-b2aa-6de841e3b012

This generated password is for development use only. Your security configuration must be updated before running your application in production.

2024-08-20T16:48:50.695-05:00  INFO 71659 --- [Personal] [           main] r$InitializeUserDetailsManagerConfigurer : Global AuthenticationManager configured with UserDetailsService bean with name inMemoryUserDetailsManager
2024-08-20T16:48:50.968-05:00  INFO 71659 --- [Personal] [           main] c.B.Personal.PersonalApplicationTests    : Started PersonalApplicationTests in 8.665 seconds (process running for 10.839)
]]></system-out>
    <system-err><![CDATA[WARNING: A Java agent has been loaded dynamically (/home/daniel/.m2/repository/net/bytebuddy/byte-buddy-agent/1.14.18/byte-buddy-agent-1.14.18.jar)
WARNING: If a serviceability tool is in use, please run with -XX:+EnableDynamicAgentLoading to hide this warning
WARNING: If a serviceability tool is not in use, please run with -Djdk.instrument.traceUsage for more information
WARNING: Dynamic loading of agents will be disallowed by default in a future release
]]></system-err>
  </testcase>
</testsuite>